
{
    "activity": {
        "message": "User with id 65da085dbec9fbeacdbe2572 has accessed all the courses"
    },
    "level": "info",
    "message": "/ endpoint hit",
    "request": {
        "category": "course",
        "method": "GET",
        "remoteIp": "::1",
        "status": 200,
        "url": "/"
    },
    "timestamp": "2024-03-14T00:36:11.856Z"
}

{
    "activity": {
        "message": "User with id 65da085dbec9fbeacdbe2572 has accessed all the courses"
    },
    "level": "info",
    "message": "/ endpoint hit",
    "request": {
        "category": "course",
        "method": "GET",
        "remoteIp": "::1",
        "status": 200,
        "url": "/"
    },
    "timestamp": "2024-03-14T00:36:15.252Z"
}
{"activity":s{"message":"Student with email 20bq1a05l1@vvit.net has logged in"},"level":"info","message":"/student/login endpoint hit","request":{"category":"authentication","method":"POST","remoteIp":"::1","status":200,"url":"/student/login"},"timestamp":"2024-03-14T05:01:50.164Z"}

{
    "activity": {
        "message": "Student with email 20bq1a05l1@vvit.net has logged in"
    },
    "level": "info",
    "message": "/student/login endpoint hit",
    "request": {
        "category": "authentication",
        "method": "POST",
        "remoteIp": "::1",
        "status": 200,
        "url": "/student/login"
    },
    "timestamp": "2024-03-14T05:28:20.231Z"
}

{
    "activity": {
        "message": "User with id 65d379c25dd2f208e35b04ce has accessed all certifications"
    },
    "level": "info",
    "message": "/ endpoint hit",
    "request": {
        "category": "certification",
        "method": "GET",
        "remoteIp": "::1",
        "status": 200,
        "url": "/"
    },
    "timestamp": "2024-03-14T05:28:25.318Z"
}

{
    "activity": {
        "message": "Student with id 65d379c25dd2f208e35b04ce has added the internship from Accenture"
    },
    "level": "info",
    "message": "/ endpoint hit",
    "request": {
        "category": "internship",
        "method": "POST",
        "remoteIp": "::1",
        "status": 200,
        "url": "/"
    },
    "timestamp": "2024-03-14T05:29:16.756Z"
}

{
    "activity": {
        "message": "User with email user1@gmail.com has logged in"
    },
    "level": "info",
    "message": "/user/login endpoint hit",
    "request": {
        "category": "authentication",
        "method": "POST",
        "remoteIp": "::1",
        "status": 200,
        "url": "/user/login"
    },
    "timestamp": "2024-03-14T05:31:06.547Z"
}

{
    "activity": {
        "message": "Admin updated verification status of intenrship undefined for Student with id 65da085dbec9fbeacdbe2572 "
    },
    "level": "info",
    "message": "/verify/65f28b2cf2482ead04b3647d endpoint hit",
    "request": {
        "category": "certification",
        "method": "PATCH",
        "remoteIp": "::1",
        "status": 200,
        "url": "/verify/65f28b2cf2482ead04b3647d"
    },
    "timestamp": "2024-03-14T05:31:20.933Z"
}

{
    "activity": {
        "message": "User with id 65d379c25dd2f208e35b04ce has accessed all certifications"
    },
    "level": "info",
    "message": "/ endpoint hit",
    "request": {
        "category": "certification",
        "method": "GET",
        "remoteIp": "::1",
        "status": 200,
        "url": "/"
    },
    "timestamp": "2024-03-14T05:32:51.379Z"
}

{
    "activity": {
        "message": "Admin updated verification status of intenrship cts for Student with id 65da085dbec9fbeacdbe2572 "
    },
    "level": "info",
    "message": "/verify/65ed400f89e0a1a18ef33bd6 endpoint hit",
    "request": {
        "category": "certification",
        "method": "PATCH",
        "remoteIp": "::1",
        "status": 200,
        "url": "/verify/65ed400f89e0a1a18ef33bd6"
    },
    "timestamp": "2024-03-14T05:33:05.752Z"
}

{
    "activity": {
        "message": "User with id 65d379c25dd2f208e35b04ce has accessed all certifications"
    },
    "level": "info",
    "message": "/ endpoint hit",
    "request": {
        "category": "certification",
        "method": "GET",
        "remoteIp": "::1",
        "status": 200,
        "url": "/"
    },
    "timestamp": "2024-03-14T05:33:38.230Z"
}

{
    "activity": {
        "message": "User with id 65d379c25dd2f208e35b04ce has accessed all certifications"
    },
    "level": "info",
    "message": "/ endpoint hit",
    "request": {
        "category": "certification",
        "method": "GET",
        "remoteIp": "::1",
        "status": 200,
        "url": "/"
    },
    "timestamp": "2024-03-14T06:13:38.211Z"
}

{
    "activity": {
        "message": "User with id 65d379c25dd2f208e35b04ce has accessed all certifications"
    },
    "level": "info",
    "message": "/ endpoint hit",
    "request": {
        "category": "certification",
        "method": "GET",
        "remoteIp": "::1",
        "status": 200,
        "url": "/"
    },
    "timestamp": "2024-03-14T06:16:30.487Z"
}

{
    "activity": {
        "message": "User with id 65d379c25dd2f208e35b04ce has accessed all certifications"
    },
    "level": "info",
    "message": "/ endpoint hit",
    "request": {
        "category": "certification",
        "method": "GET",
        "remoteIp": "::1",
        "status": 200,
        "url": "/"
    },
    "timestamp": "2024-03-14T06:18:11.454Z"
}

{
    "activity": {
        "message": "Student with id 65d379c25dd2f208e35b04ce has opted out from the drive of  undefined"
    },
    "level": "info",
    "message": "/optOut/65f29697be95820593819ca9 endpoint hit",
    "request": {
        "category": "jobdrive",
        "method": "PATCH",
        "remoteIp": "::1",
        "status": 200,
        "url": "/optOut/65f29697be95820593819ca9"
    },
    "timestamp": "2024-03-14T06:27:34.674Z"
}

{
    "activity": {
        "message": "Student with id 65d379c25dd2f208e35b04ce has opted to the drive of  Wipro"
    },
    "level": "info",
    "message": "/optIn/65f29697be95820593819ca9 endpoint hit",
    "request": {
        "category": "jobdrive",
        "method": "PATCH",
        "remoteIp": "::1",
        "status": 200,
        "url": "/optIn/65f29697be95820593819ca9"
    },
    "timestamp": "2024-03-14T06:28:23.629Z"
}

{
    "activity": {
        "message": "user with id 65da085dbec9fbeacdbe2572 has deleted the drive of Wipro"
    },
    "level": "info",
    "message": "/65ec75147a0a1c2735b9567c endpoint hit",
    "request": {
        "category": "jobdrive",
        "method": "DELETE",
        "remoteIp": "::1",
        "status": 200,
        "url": "/65ec75147a0a1c2735b9567c"
    },
    "timestamp": "2024-03-14T06:28:57.460Z"
}

{
    "activity": {
        "message": "User with id 65da085dbec9fbeacdbe2572 has added the jobdrive from Tech Mahindra"
    },
    "level": "info",
    "message": "/ endpoint hit",
    "request": {
        "category": "jobdrive",
        "method": "POST",
        "remoteIp": "::1",
        "status": 200,
        "url": "/"
    },
    "timestamp": "2024-03-14T06:30:53.822Z"
}

{
    "activity": {
        "message": "User with id 65d379c25dd2f208e35b04ce has accessed all certifications"
    },
    "level": "info",
    "message": "/ endpoint hit",
    "request": {
        "category": "certification",
        "method": "GET",
        "remoteIp": "::1",
        "status": 200,
        "url": "/"
    },
    "timestamp": "2024-03-14T06:40:02.699Z"
}

{
    "activity": {
        "message": "An announcement with title Exam has been added by the user "
    },
    "level": "info",
    "message": "/ endpoint hit",
    "request": {
        "category": "announcement",
        "method": "POST",
        "remoteIp": "::1",
        "status": 200,
        "url": "/"
    },
    "timestamp": "2024-03-14T06:47:11.757Z"
}

{
    "activity": {
        "message": "An announcement with title exam has been added by the user 65da085dbec9fbeacdbe2572"
    },
    "level": "info",
    "message": "/ endpoint hit",
    "request": {
        "category": "announcement",
        "method": "POST",
        "remoteIp": "::1",
        "status": 200,
        "url": "/"
    },
    "timestamp": "2024-03-14T06:53:31.220Z"
}

{
    "activity": {
        "message": "User with id 65da085dbec9fbeacdbe2572 has deleted the announcement with title exam"
    },
    "level": "info",
    "message": "/65f29eeb45a2b09bda548717 endpoint hit",
    "request": {
        "category": "announcement",
        "method": "DELETE",
        "remoteIp": "::1",
        "status": 200,
        "url": "/65f29eeb45a2b09bda548717"
    },
    "timestamp": "2024-03-14T06:53:44.223Z"
}

{
    "activity": {
        "message": "An announcement with title hi has been added by the user 65da085dbec9fbeacdbe2572"
    },
    "level": "info",
    "message": "/ endpoint hit",
    "request": {
        "category": "announcement",
        "method": "POST",
        "remoteIp": "::1",
        "status": 200,
        "url": "/"
    },
    "timestamp": "2024-03-14T06:54:11.567Z"
}

{
    "activity": {
        "message": "User with id 65da085dbec9fbeacdbe2572 has accessed the announcements"
    },
    "level": "info",
    "message": "/65f29f1345a2b09bda54871d endpoint hit",
    "request": {
        "category": "announcement",
        "method": "PATCH",
        "remoteIp": "::1",
        "status": 200,
        "url": "/65f29f1345a2b09bda54871d"
    },
    "timestamp": "2024-03-14T06:55:01.061Z"
}

{
    "activity": {
        "message": "User with id 65da085dbec9fbeacdbe2572 has accessed the announcements"
    },
    "level": "info",
    "message": "/65f29f1345a2b09bda54871d endpoint hit",
    "request": {
        "category": "announcement",
        "method": "PATCH",
        "remoteIp": "::1",
        "status": 200,
        "url": "/65f29f1345a2b09bda54871d"
    },
    "timestamp": "2024-03-14T06:55:26.339Z"
}

{
    "activity": {
        "message": "User with id 65da085dbec9fbeacdbe2572 has accessed all certifications"
    },
    "level": "info",
    "message": "/ endpoint hit",
    "request": {
        "category": "certification",
        "method": "GET",
        "remoteIp": "::1",
        "status": 200,
        "url": "/"
    },
    "timestamp": "2024-03-14T08:00:49.754Z"
}

{
    "activity": {
        "message": "An announcement with title hello has been added by the user 65da085dbec9fbeacdbe2572"
    },
    "level": "info",
    "message": "/ endpoint hit",
    "request": {
        "category": "announcement",
        "method": "POST",
        "remoteIp": "::1",
        "status": 200,
        "url": "/"
    },
    "timestamp": "2024-03-14T08:01:19.127Z"
}

{
    "activity": {
        "message": "User with id 65da085dbec9fbeacdbe2572 has accessed the announcements"
    },
    "level": "info",
    "message": "/65f29f1345a2b09bda54871d endpoint hit",
    "request": {
        "category": "announcement",
        "method": "PATCH",
        "remoteIp": "::1",
        "status": 200,
        "url": "/65f29f1345a2b09bda54871d"
    },
    "timestamp": "2024-03-14T08:01:40.550Z"
}

{
    "activity": {
        "message": "User with id 65da085dbec9fbeacdbe2572 has deleted the announcement with title hi"
    },
    "level": "info",
    "message": "/65f29f1345a2b09bda54871d endpoint hit",
    "request": {
        "category": "announcement",
        "method": "DELETE",
        "remoteIp": "::1",
        "status": 200,
        "url": "/65f29f1345a2b09bda54871d"
    },
    "timestamp": "2024-03-14T08:01:45.851Z"
}

{
    "activity": {
        "message": "User with email john@gmail.com has logged in"
    },
    "level": "info",
    "message": "/user/login endpoint hit",
    "request": {
        "category": "authentication",
        "method": "POST",
        "remoteIp": "::1",
        "status": 200,
        "url": "/user/login"
    },
    "timestamp": "2024-03-14T08:02:56.147Z"
}

{
    "activity": {
        "message": "User with email john@gmail.com has logged in"
    },
    "level": "info",
    "message": "/user/login endpoint hit",
    "request": {
        "category": "authentication",
        "method": "POST",
        "remoteIp": "::1",
        "status": 200,
        "url": "/user/login"
    },
    "timestamp": "2024-03-14T10:49:14.983Z"
}

{
    "activity": {
        "message": "User with id 65f2af15f7c190f2ed1d9095 has accessed all certifications"
    },
    "level": "info",
    "message": "/ endpoint hit",
    "request": {
        "category": "certification",
        "method": "GET",
        "remoteIp": "::1",
        "status": 200,
        "url": "/"
    },
    "timestamp": "2024-03-14T10:49:22.727Z"
}

{
    "activity": {
        "message": "User with email user1@gmail.com has logged in"
    },
    "level": "info",
    "message": "/user/login endpoint hit",
    "request": {
        "category": "authentication",
        "method": "POST",
        "remoteIp": "::1",
        "status": 200,
        "url": "/user/login"
    },
    "timestamp": "2024-03-14T10:50:03.816Z"
}

{
    "activity": {
        "message": "User with id 65f2af15f7c190f2ed1d9095 has accessed all certifications"
    },
    "level": "info",
    "message": "/ endpoint hit",
    "request": {
        "category": "certification",
        "method": "GET",
        "remoteIp": "::1",
        "status": 200,
        "url": "/"
    },
    "timestamp": "2024-03-14T10:51:47.430Z"
}

{
    "activity": {
        "message": "User with email john@gmail.com has logged in"
    },
    "level": "info",
    "message": "/user/login endpoint hit",
    "request": {
        "category": "authentication",
        "method": "POST",
        "remoteIp": "::1",
        "status": 200,
        "url": "/user/login"
    },
    "timestamp": "2024-03-14T10:55:22.247Z"
}

{
    "activity": {
        "message": "User with id 65f2af15f7c190f2ed1d9095 has accessed all certifications"
    },
    "level": "info",
    "message": "/ endpoint hit",
    "request": {
        "category": "certification",
        "method": "GET",
        "remoteIp": "::1",
        "status": 200,
        "url": "/"
    },
    "timestamp": "2024-03-14T11:19:58.457Z"
}

{
    "activity": {
        "message": "User with id 65f2af15f7c190f2ed1d9095 has accessed all the courses"
    },
    "level": "info",
    "message": "/ endpoint hit",
    "request": {
        "category": "course",
        "method": "GET",
        "remoteIp": "::1",
        "status": 200,
        "url": "/"
    },
    "timestamp": "2024-03-14T11:23:41.458Z"
}

{
    "activity": {
        "message": "User with id 65da085dbec9fbeacdbe2572 has accessed all the courses"
    },
    "level": "info",
    "message": "/ endpoint hit",
    "request": {
        "category": "course",
        "method": "GET",
        "remoteIp": "::1",
        "status": 200,
        "url": "/"
    },
    "timestamp": "2024-03-14T11:30:11.359Z"
}

{
    "activity": {
        "message": "User with id 65f2af15f7c190f2ed1d9095 has accessed all certifications"
    },
    "level": "info",
    "message": "/ endpoint hit",
    "request": {
        "category": "certification",
        "method": "GET",
        "remoteIp": "::1",
        "status": 200,
        "url": "/"
    },
    "timestamp": "2024-03-14T11:38:56.310Z"
}

{
    "activity": {
        "message": "User with id 65f2af15f7c190f2ed1d9095 has accessed all certifications"
    },
    "level": "info",
    "message": "/ endpoint hit",
    "request": {
        "category": "certification",
        "method": "GET",
        "remoteIp": "::1",
        "status": 200,
        "url": "/"
    },
    "timestamp": "2024-03-14T11:53:28.870Z"
}

{
    "activity": {
        "message": "User with id 65f2af15f7c190f2ed1d9095 has accessed all certifications"
    },
    "level": "info",
    "message": "/ endpoint hit",
    "request": {
        "category": "certification",
        "method": "GET",
        "remoteIp": "::1",
        "status": 200,
        "url": "/"
    },
    "timestamp": "2024-03-14T11:53:51.366Z"
}

{
    "activity": {
        "message": "User with id 65f2af15f7c190f2ed1d9095 has accessed all certifications"
    },
    "level": "info",
    "message": "/ endpoint hit",
    "request": {
        "category": "certification",
        "method": "GET",
        "remoteIp": "::1",
        "status": 200,
        "url": "/"
    },
    "timestamp": "2024-03-14T11:54:23.808Z"
}

{
    "activity": {
        "message": "User with id 65f2af15f7c190f2ed1d9095 has accessed all the courses"
    },
    "level": "info",
    "message": "/ endpoint hit",
    "request": {
        "category": "course",
        "method": "GET",
        "remoteIp": "::1",
        "status": 200,
        "url": "/"
    },
    "timestamp": "2024-03-14T11:54:26.428Z"
}

{
    "activity": {
        "message": "User with id 65f2af15f7c190f2ed1d9095 has accessed all certifications"
    },
    "level": "info",
    "message": "/ endpoint hit",
    "request": {
        "category": "certification",
        "method": "GET",
        "remoteIp": "::1",
        "status": 200,
        "url": "/"
    },
    "timestamp": "2024-03-14T12:03:36.163Z"
}

{
    "activity": {
        "message": "User with id 65f2af15f7c190f2ed1d9095 has accessed all certifications"
    },
    "level": "info",
    "message": "/ endpoint hit",
    "request": {
        "category": "certification",
        "method": "GET",
        "remoteIp": "::1",
        "status": 200,
        "url": "/"
    },
    "timestamp": "2024-03-14T12:03:54.873Z"
}

{
    "activity": {
        "message": "User with id 65f2af15f7c190f2ed1d9095 has accessed all certifications"
    },
    "level": "info",
    "message": "/ endpoint hit",
    "request": {
        "category": "certification",
        "method": "GET",
        "remoteIp": "::1",
        "status": 200,
        "url": "/"
    },
    "timestamp": "2024-03-14T12:04:16.263Z"
}

{
    "activity": {
        "message": "User with id 65f2af15f7c190f2ed1d9095 has accessed all certifications"
    },
    "level": "info",
    "message": "/ endpoint hit",
    "request": {
        "category": "certification",
        "method": "GET",
        "remoteIp": "::1",
        "status": 200,
        "url": "/"
    },
    "timestamp": "2024-03-14T12:04:27.875Z"
}

{
    "activity": {
        "message": "User with id 65f2af15f7c190f2ed1d9095 has accessed all certifications"
    },
    "level": "info",
    "message": "/ endpoint hit",
    "request": {
        "category": "certification",
        "method": "GET",
        "remoteIp": "::1",
        "status": 200,
        "url": "/"
    },
    "timestamp": "2024-03-14T12:04:33.226Z"
}

{
    "activity": {
        "message": "User with id 65f2af15f7c190f2ed1d9095 has accessed all certifications"
    },
    "level": "info",
    "message": "/ endpoint hit",
    "request": {
        "category": "certification",
        "method": "GET",
        "remoteIp": "::1",
        "status": 200,
        "url": "/"
    },
    "timestamp": "2024-03-14T12:04:39.870Z"
}
{"activity":{"message":"User with email user1@gmail.com has logged in"},"level":"info","message":"/user/login endpoint hit","request":{"category":"authentication","method":"POST","remoteIp":"::1","status":200,"url":"/user/login"},"timestamp":"2024-03-14T14:38:23.879Z"}
{"activity":{"message":"User with email john@gmail.com has logged in"},"level":"info","message":"/user/login endpoint hit","request":{"category":"authentication","method":"POST","remoteIp":"::1","status":200,"url":"/user/login"},"timestamp":"2024-03-14T14:39:28.138Z"}
{"activity":{"message":"User with id 65f2af15f7c190f2ed1d9095 has accessed all certifications"},"level":"info","message":"/ endpoint hit","request":{"category":"certification","method":"GET","remoteIp":"::1","status":200,"url":"/"},"timestamp":"2024-03-14T14:39:45.801Z"}
{"activity":{"message":"User with id 65da085dbec9fbeacdbe2572 has accessed all certifications"},"level":"info","message":"/ endpoint hit","request":{"category":"certification","method":"GET","remoteIp":"::1","status":200,"url":"/"},"timestamp":"2024-03-14T14:40:06.742Z"}
{"activity":{"message":"User with id 65da085dbec9fbeacdbe2572 has accessed all certifications"},"level":"info","message":"/ endpoint hit","request":{"category":"certification","method":"GET","remoteIp":"::1","status":200,"url":"/"},"timestamp":"2024-03-14T14:40:36.298Z"}
{"activity":{"message":"User with id 65da085dbec9fbeacdbe2572 has accessed all certifications"},"level":"info","message":"/ endpoint hit","request":{"category":"certification","method":"GET","remoteIp":"::1","status":200,"url":"/"},"timestamp":"2024-03-14T14:40:38.539Z"}
{"activity":{"message":"User with id 65da085dbec9fbeacdbe2572 has accessed all certifications"},"level":"info","message":"/ endpoint hit","request":{"category":"certification","method":"GET","remoteIp":"::1","status":200,"url":"/"},"timestamp":"2024-03-14T14:40:54.924Z"}
{"activity":{"message":"User with id 65da085dbec9fbeacdbe2572 has accessed all certifications"},"level":"info","message":"/ endpoint hit","request":{"category":"certification","method":"GET","remoteIp":"::1","status":200,"url":"/"},"timestamp":"2024-03-14T14:41:14.901Z"}
{"activity":{"message":"User with id 65da085dbec9fbeacdbe2572 has accessed all certifications"},"level":"info","message":"/ endpoint hit","request":{"category":"certification","method":"GET","remoteIp":"::1","status":200,"url":"/"},"timestamp":"2024-03-14T14:41:20.929Z"}
{"activity":{"message":"User with id 65da085dbec9fbeacdbe2572 has accessed all certifications"},"level":"info","message":"/ endpoint hit","request":{"category":"certification","method":"GET","remoteIp":"::1","status":200,"url":"/"},"timestamp":"2024-03-14T14:41:21.962Z"}
{"activity":{"message":"User with id 65da085dbec9fbeacdbe2572 has accessed all certifications"},"level":"info","message":"/ endpoint hit","request":{"category":"certification","method":"GET","remoteIp":"::1","status":200,"url":"/"},"timestamp":"2024-03-14T14:41:24.811Z"}
{"activity":{"message":"User with id 65da085dbec9fbeacdbe2572 has accessed all certifications"},"level":"info","message":"/ endpoint hit","request":{"category":"certification","method":"GET","remoteIp":"::1","status":200,"url":"/"},"timestamp":"2024-03-14T14:41:33.137Z"}
{"activity":{"message":"User with id 65f2af15f7c190f2ed1d9095 has accessed all certifications"},"level":"info","message":"/ endpoint hit","request":{"category":"certification","method":"GET","remoteIp":"::1","status":200,"url":"/"},"timestamp":"2024-03-14T14:41:36.564Z"}
{"activity":{"message":"User with id 65f2af15f7c190f2ed1d9095 has accessed all certifications"},"level":"info","message":"/ endpoint hit","request":{"category":"certification","method":"GET","remoteIp":"::1","status":200,"url":"/"},"timestamp":"2024-03-14T14:41:38.221Z"}
{"activity":{"message":"User with id 65f2af15f7c190f2ed1d9095 has accessed all certifications"},"level":"info","message":"/ endpoint hit","request":{"category":"certification","method":"GET","remoteIp":"::1","status":200,"url":"/"},"timestamp":"2024-03-14T14:42:06.899Z"}
{"activity":{"message":"User with id 65da085dbec9fbeacdbe2572 has accessed all certifications"},"level":"info","message":"/ endpoint hit","request":{"category":"certification","method":"GET","remoteIp":"::1","status":200,"url":"/"},"timestamp":"2024-03-14T14:42:06.925Z"}
{"activity":{"message":"User with id 65da085dbec9fbeacdbe2572 has accessed all certifications"},"level":"info","message":"/ endpoint hit","request":{"category":"certification","method":"GET","remoteIp":"::1","status":200,"url":"/"},"timestamp":"2024-03-14T14:42:28.983Z"}
{"activity":{"message":"User with id 65f2af15f7c190f2ed1d9095 has accessed all certifications"},"level":"info","message":"/ endpoint hit","request":{"category":"certification","method":"GET","remoteIp":"::1","status":200,"url":"/"},"timestamp":"2024-03-14T14:42:29.981Z"}
{"activity":{"message":"User with id 65da085dbec9fbeacdbe2572 has accessed all certifications"},"level":"info","message":"/ endpoint hit","request":{"category":"certification","method":"GET","remoteIp":"::1","status":200,"url":"/"},"timestamp":"2024-03-14T14:42:35.960Z"}
{"activity":{"message":"User with id 65f2af15f7c190f2ed1d9095 has accessed all certifications"},"level":"info","message":"/ endpoint hit","request":{"category":"certification","method":"GET","remoteIp":"::1","status":200,"url":"/"},"timestamp":"2024-03-14T14:42:46.277Z"}
{"activity":{"message":"User with id 65f2af15f7c190f2ed1d9095 has accessed all certifications"},"level":"info","message":"/ endpoint hit","request":{"category":"certification","method":"GET","remoteIp":"::1","status":200,"url":"/"},"timestamp":"2024-03-14T14:42:52.955Z"}
{"activity":{"message":"User with id 65da085dbec9fbeacdbe2572 has accessed all certifications"},"level":"info","message":"/ endpoint hit","request":{"category":"certification","method":"GET","remoteIp":"::1","status":200,"url":"/"},"timestamp":"2024-03-14T14:43:05.440Z"}
{"activity":{"message":"User with id 65f2af15f7c190f2ed1d9095 has accessed all certifications"},"level":"info","message":"/ endpoint hit","request":{"category":"certification","method":"GET","remoteIp":"::1","status":200,"url":"/"},"timestamp":"2024-03-14T14:43:05.585Z"}
{"activity":{"message":"User with id 65f2af15f7c190f2ed1d9095 has accessed all certifications"},"level":"info","message":"/ endpoint hit","request":{"category":"certification","method":"GET","remoteIp":"::1","status":200,"url":"/"},"timestamp":"2024-03-14T14:43:59.722Z"}
{"activity":{"message":"Student with email 20bq1a05p2@vvit.net has logged in"},"level":"info","message":"/student/login endpoint hit","request":{"category":"authentication","method":"POST","remoteIp":"::1","status":200,"url":"/student/login"},"timestamp":"2024-03-14T14:47:45.524Z"}
{"activity":{"message":"User with id 65ebe786a3329a07b4c7eae2 has accessed all certifications"},"level":"info","message":"/ endpoint hit","request":{"category":"certification","method":"GET","remoteIp":"::1","status":200,"url":"/"},"timestamp":"2024-03-14T14:47:48.986Z"}
{"activity":{"message":"Student with id 65ebe786a3329a07b4c7eae2 has added the certification with name Googleasqwer"},"level":"info","message":"/ endpoint hit","request":{"category":"certification","method":"POST","remoteIp":"::1","status":200,"url":"/"},"timestamp":"2024-03-14T14:48:16.204Z"}
{"activity":{"message":"User with id 65f2af15f7c190f2ed1d9095 has accessed all certifications"},"level":"info","message":"/ endpoint hit","request":{"category":"certification","method":"GET","remoteIp":"::1","status":200,"url":"/"},"timestamp":"2024-03-14T14:48:27.051Z"}
{"activity":{"message":"User with id 65ebe786a3329a07b4c7eae2 has accessed all the courses"},"level":"info","message":"/ endpoint hit","request":{"category":"course","method":"GET","remoteIp":"::1","status":200,"url":"/"},"timestamp":"2024-03-14T14:48:49.034Z"}
{"activity":{"message":"Student with id 65ebe786a3329a07b4c7eae2 has added the course 65f30e61245ef3f110d64951"},"level":"info","message":"/ endpoint hit","request":{"category":"course","method":"POST","remoteIp":"::1","status":200,"url":"/"},"timestamp":"2024-03-14T14:49:05.618Z"}
{"activity":{"message":"User with id 65f2af15f7c190f2ed1d9095 has accessed all the courses"},"level":"info","message":"/ endpoint hit","request":{"category":"course","method":"GET","remoteIp":"::1","status":200,"url":"/"},"timestamp":"2024-03-14T14:49:12.957Z"}
{"activity":{"message":"Student with email 20bq1a05p2@vvit.net has logged in"},"level":"info","message":"/student/login endpoint hit","request":{"category":"authentication","method":"POST","remoteIp":"::1","status":200,"url":"/student/login"},"timestamp":"2024-03-15T17:48:08.034Z"}
{"activity":{"message":"Student with email 20bq1a05p2@vvit.net has logged in"},"level":"info","message":"/student/login endpoint hit","request":{"category":"authentication","method":"POST","remoteIp":"::1","status":200,"url":"/student/login"},"timestamp":"2024-03-15T17:49:56.467Z"}
{"activity":{"message":"Student with email 20bq1a05p2@vvit.net has logged in"},"level":"info","message":"/student/login endpoint hit","request":{"category":"authentication","method":"POST","remoteIp":"::1","status":200,"url":"/student/login"},"timestamp":"2024-03-16T05:31:14.308Z"}
{"activity":{"message":"User with email user1@gmail.com has logged in"},"level":"info","message":"/user/login endpoint hit","request":{"category":"authentication","method":"POST","remoteIp":"::1","status":200,"url":"/user/login"},"timestamp":"2024-03-16T12:20:30.041Z"}
{"activity":{"message":"Student with email 20bq1a05p2@vvit.net has logged in"},"level":"info","message":"/student/login endpoint hit","request":{"category":"authentication","method":"POST","remoteIp":"::1","status":200,"url":"/student/login"},"timestamp":"2024-03-16T12:26:17.766Z"}
{"activity":{"message":"Student with email 20bq1a05p2@vvit.net has logged in"},"level":"info","message":"/student/login endpoint hit","request":{"category":"authentication","method":"POST","remoteIp":"::1","status":200,"url":"/student/login"},"timestamp":"2024-03-16T12:26:19.417Z"}
{"activity":{"message":"Student with email 20bq1a05p2@vvit.net has logged in"},"level":"info","message":"/student/login endpoint hit","request":{"category":"authentication","method":"POST","remoteIp":"::1","status":200,"url":"/student/login"},"timestamp":"2024-03-16T12:28:38.594Z"}
{"activity":{"message":"Student with email 18bq1a05p6@vvit.net has registered"},"level":"info","message":"/register endpoint hit","request":{"category":"student","method":"POST","remoteIp":"::1","status":200,"url":"/register"},"timestamp":"2024-03-16T13:24:06.091Z"}
{"activity":{"message":"Student with email 18bq1a05p6@vvit.net has logged in"},"level":"info","message":"/student/login endpoint hit","request":{"category":"authentication","method":"POST","remoteIp":"::1","status":200,"url":"/student/login"},"timestamp":"2024-03-16T13:24:21.801Z"}
{"activity":{"message":"User with email user1@gmail.com has logged in"},"level":"info","message":"/user/login endpoint hit","request":{"category":"authentication","method":"POST","remoteIp":"::1","status":200,"url":"/user/login"},"timestamp":"2024-03-16T13:26:48.589Z"}
{"activity":{"message":"User with email user1@gmail.com has logged in"},"level":"info","message":"/user/login endpoint hit","request":{"category":"authentication","method":"POST","remoteIp":"::1","status":200,"url":"/user/login"},"timestamp":"2024-03-16T13:31:30.106Z"}
{"activity":{"message":"User with email user1@gmail.com has logged in"},"level":"info","message":"/user/login endpoint hit","request":{"category":"authentication","method":"POST","remoteIp":"::1","status":200,"url":"/user/login"},"timestamp":"2024-03-16T14:47:30.093Z"}
{"activity":{"message":"User with id 65da085dbec9fbeacdbe2572 has deleted the student with name Testing notification"},"level":"info","message":"/65f59d17a38d10de15bfd433 endpoint hit","request":{"category":"student","method":"DELETE","remoteIp":"::1","status":200,"url":"/65f59d17a38d10de15bfd433"},"timestamp":"2024-03-17T04:04:29.503Z"}
{"activity":{"message":"User with id 65da085dbec9fbeacdbe2572 has deleted the student with name him"},"level":"info","message":"/65d379c25dd2f208e35b04ce endpoint hit","request":{"category":"student","method":"DELETE","remoteIp":"::ffff:127.0.0.1","status":200,"url":"/65d379c25dd2f208e35b04ce"},"timestamp":"2024-03-17T04:06:00.570Z"}
{"activity":{"message":"User with id 65da085dbec9fbeacdbe2572 has deleted the student with name Lavanya"},"level":"info","message":"/65f3d231229de1ed0fbdfaf0 endpoint hit","request":{"category":"student","method":"DELETE","remoteIp":"::1","status":200,"url":"/65f3d231229de1ed0fbdfaf0"},"timestamp":"2024-03-17T04:06:22.534Z"}
{"activity":{"message":"User with id 65da085dbec9fbeacdbe2572 has deleted the student with name Sowmya"},"level":"info","message":"/65f52cb29030c88ab8f2906a endpoint hit","request":{"category":"student","method":"DELETE","remoteIp":"::1","status":200,"url":"/65f52cb29030c88ab8f2906a"},"timestamp":"2024-03-17T04:08:24.924Z"}
{"activity":{"message":"User with id 65da085dbec9fbeacdbe2572 has deleted the student with name Dive"},"level":"info","message":"/65f52773f00a076d30b47958 endpoint hit","request":{"category":"student","method":"DELETE","remoteIp":"::1","status":200,"url":"/65f52773f00a076d30b47958"},"timestamp":"2024-03-17T04:09:06.101Z"}
{"activity":{"message":"User with id 65da085dbec9fbeacdbe2572 has deleted the student with name Vyshnavi"},"level":"info","message":"/65f51edaabf0f7a96d9fb765 endpoint hit","request":{"category":"student","method":"DELETE","remoteIp":"::1","status":200,"url":"/65f51edaabf0f7a96d9fb765"},"timestamp":"2024-03-17T04:10:21.955Z"}
{"activity":{"message":"User with id 65da085dbec9fbeacdbe2572 has deleted the student with name Ratnamala"},"level":"info","message":"/65f51e07f00a076d30b47946 endpoint hit","request":{"category":"student","method":"DELETE","remoteIp":"::1","status":200,"url":"/65f51e07f00a076d30b47946"},"timestamp":"2024-03-17T04:10:28.746Z"}
{"activity":{"message":"User with id 65da085dbec9fbeacdbe2572 has deleted the student with name V. Gnana Chandra"},"level":"info","message":"/65ebe786a3329a07b4c7eae2 endpoint hit","request":{"category":"student","method":"DELETE","remoteIp":"::1","status":200,"url":"/65ebe786a3329a07b4c7eae2"},"timestamp":"2024-03-17T04:10:42.053Z"}
{"activity":{"message":"User with id 65da085dbec9fbeacdbe2572 has accessed all certifications"},"level":"info","message":"/ endpoint hit","request":{"category":"certification","method":"GET","remoteIp":"::1","status":200,"url":"/"},"timestamp":"2024-03-17T04:10:47.171Z"}
{"activity":{"message":"Student with email 20bq1a05p2@vvit.net has registered"},"level":"info","message":"/register endpoint hit","request":{"category":"student","method":"POST","remoteIp":"::1","status":200,"url":"/register"},"timestamp":"2024-03-17T04:16:41.241Z"}
{"activity":{"message":"Student with email 20bq1a05p2@vvit.net has logged in"},"level":"info","message":"/student/login endpoint hit","request":{"category":"authentication","method":"POST","remoteIp":"::ffff:127.0.0.1","status":200,"url":"/student/login"},"timestamp":"2024-03-17T04:16:55.413Z"}
{"activity":{"message":"User with id 65f66ea8d49a0a2b95b78422 has accessed all certifications"},"level":"info","message":"/ endpoint hit","request":{"category":"certification","method":"GET","remoteIp":"::1","status":200,"url":"/"},"timestamp":"2024-03-17T04:17:30.872Z"}
{"activity":{"message":"User with id 65f66ea8d49a0a2b95b78422 has accessed all certifications"},"level":"info","message":"/ endpoint hit","request":{"category":"certification","method":"GET","remoteIp":"::1","status":200,"url":"/"},"timestamp":"2024-03-17T04:17:34.496Z"}
{"activity":{"message":"User with id 65f66ea8d49a0a2b95b78422 has accessed all the courses"},"level":"info","message":"/ endpoint hit","request":{"category":"course","method":"GET","remoteIp":"::1","status":200,"url":"/"},"timestamp":"2024-03-17T04:17:39.721Z"}
{"activity":{"message":"User with id 65da085dbec9fbeacdbe2572 has accessed all certifications"},"level":"info","message":"/ endpoint hit","request":{"category":"certification","method":"GET","remoteIp":"::1","status":200,"url":"/"},"timestamp":"2024-03-17T04:20:30.474Z"}
{"activity":{"message":"User with id 65da085dbec9fbeacdbe2572 has accessed all the courses"},"level":"info","message":"/ endpoint hit","request":{"category":"course","method":"GET","remoteIp":"::1","status":200,"url":"/"},"timestamp":"2024-03-17T04:20:31.353Z"}
{"activity":{"message":"User with email user1@gmail.com has logged in"},"level":"info","message":"/user/login endpoint hit","request":{"category":"authentication","method":"POST","remoteIp":"::1","status":200,"url":"/user/login"},"timestamp":"2024-03-18T14:42:42.495Z"}
{"activity":{"message":"User with id 65da085dbec9fbeacdbe2572 has accessed all certifications"},"level":"info","message":"/ endpoint hit","request":{"category":"certification","method":"GET","remoteIp":"::1","status":200,"url":"/"},"timestamp":"2024-03-18T14:42:57.109Z"}
{"activity":{"message":"User with id 65da085dbec9fbeacdbe2572 has accessed all the courses"},"level":"info","message":"/ endpoint hit","request":{"category":"course","method":"GET","remoteIp":"::1","status":200,"url":"/"},"timestamp":"2024-03-18T14:42:59.891Z"}
{"activity":{"message":"Student with email 20bq1a05p2@vvit.net has logged in"},"level":"info","message":"/student/login endpoint hit","request":{"category":"authentication","method":"POST","remoteIp":"::1","status":200,"url":"/student/login"},"timestamp":"2024-03-24T06:08:07.473Z"}
{"activity":{"message":"User with id 65f66ea8d49a0a2b95b78422 has accessed all certifications"},"level":"info","message":"/ endpoint hit","request":{"category":"certification","method":"GET","remoteIp":"::1","status":200,"url":"/"},"timestamp":"2024-03-24T06:08:14.939Z"}
{"activity":{"message":"User with id 65f66ea8d49a0a2b95b78422 has accessed all the courses"},"level":"info","message":"/ endpoint hit","request":{"category":"course","method":"GET","remoteIp":"::1","status":200,"url":"/"},"timestamp":"2024-03-24T06:08:16.992Z"}
{"activity":{"message":"User with id 65ffc1266b35d4ed7a5b1845 has accessed all certifications"},"level":"info","message":"/ endpoint hit","request":{"category":"certification","method":"GET","remoteIp":"::1","status":200,"url":"/"},"timestamp":"2024-03-24T06:09:14.584Z"}
{"activity":{"message":"Student with email 20bq1a05l1@vvit.net has registered"},"level":"info","message":"/register endpoint hit","request":{"category":"student","method":"POST","remoteIp":"::1","status":200,"url":"/register"},"timestamp":"2024-03-24T06:30:53.948Z"}
{"activity":{"message":"User with id 65da085dbec9fbeacdbe2572 has deleted the student with name Himana"},"level":"info","message":"/65ffc89d6c2f958dd2208406 endpoint hit","request":{"category":"student","method":"DELETE","remoteIp":"::1","status":200,"url":"/65ffc89d6c2f958dd2208406"},"timestamp":"2024-03-24T06:32:07.298Z"}
{"activity":{"message":"Student with email 20bq1a05l1@vvit.net has registered"},"level":"info","message":"/register endpoint hit","request":{"category":"student","method":"POST","remoteIp":"::1","status":200,"url":"/register"},"timestamp":"2024-03-24T06:32:11.190Z"}
{"activity":{"message":"Student with email 20bq1a05l1@vvit.net has logged in"},"level":"info","message":"/student/login endpoint hit","request":{"category":"authentication","method":"POST","remoteIp":"::1","status":200,"url":"/student/login"},"timestamp":"2024-03-24T06:35:33.468Z"}
{"activity":{"message":"User with id 65f66ea8d49a0a2b95b78422 has accessed all the courses"},"level":"info","message":"/ endpoint hit","request":{"category":"course","method":"GET","remoteIp":"::1","status":200,"url":"/"},"timestamp":"2024-03-24T06:40:00.859Z"}
{"activity":{"message":"User with id 65f66ea8d49a0a2b95b78422 has accessed all the courses"},"level":"info","message":"/ endpoint hit","request":{"category":"course","method":"GET","remoteIp":"::1","status":200,"url":"/"},"timestamp":"2024-03-24T06:40:13.117Z"}
{"activity":{"message":"User with id 65f66ea8d49a0a2b95b78422 has accessed all the courses"},"level":"info","message":"/ endpoint hit","request":{"category":"course","method":"GET","remoteIp":"::1","status":200,"url":"/"},"timestamp":"2024-03-24T06:40:15.018Z"}
{"activity":{"message":"User with id 65f66ea8d49a0a2b95b78422 has accessed all the courses"},"level":"info","message":"/ endpoint hit","request":{"category":"course","method":"GET","remoteIp":"::1","status":200,"url":"/"},"timestamp":"2024-03-24T06:40:26.050Z"}
{"activity":{"message":"User with id 65f66ea8d49a0a2b95b78422 has accessed all the courses"},"level":"info","message":"/ endpoint hit","request":{"category":"course","method":"GET","remoteIp":"::1","status":200,"url":"/"},"timestamp":"2024-03-24T06:40:27.419Z"}
{"activity":{"message":"User with id 65f66ea8d49a0a2b95b78422 has accessed all the courses"},"level":"info","message":"/ endpoint hit","request":{"category":"course","method":"GET","remoteIp":"::1","status":200,"url":"/"},"timestamp":"2024-03-24T06:41:22.581Z"}
{"activity":{"message":"User with id 65f66ea8d49a0a2b95b78422 has accessed all the courses"},"level":"info","message":"/ endpoint hit","request":{"category":"course","method":"GET","remoteIp":"::1","status":200,"url":"/"},"timestamp":"2024-03-24T06:41:39.591Z"}
{"activity":{"message":"User with id 65f66ea8d49a0a2b95b78422 has accessed all the courses"},"level":"info","message":"/ endpoint hit","request":{"category":"course","method":"GET","remoteIp":"::1","status":200,"url":"/"},"timestamp":"2024-03-24T06:51:41.837Z"}
{"activity":{"message":"User with id 65f66ea8d49a0a2b95b78422 has accessed all the courses"},"level":"info","message":"/ endpoint hit","request":{"category":"course","method":"GET","remoteIp":"::1","status":200,"url":"/"},"timestamp":"2024-03-24T06:52:25.562Z"}
{"activity":{"message":"User with id 65da085dbec9fbeacdbe2572 has accessed all certifications"},"level":"info","message":"/ endpoint hit","request":{"category":"certification","method":"GET","remoteIp":"::1","status":200,"url":"/"},"timestamp":"2024-03-24T10:43:53.120Z"}
{"activity":{"message":"User with id 65da085dbec9fbeacdbe2572 has accessed all the courses"},"level":"info","message":"/ endpoint hit","request":{"category":"course","method":"GET","remoteIp":"::1","status":200,"url":"/"},"timestamp":"2024-03-24T10:43:54.515Z"}
{"activity":{"message":"Student with email 20BQ1A05P2@vvit.net has registered"},"level":"info","message":"/register endpoint hit","request":{"category":"student","method":"POST","remoteIp":"::1","status":200,"url":"/register"},"timestamp":"2024-03-24T10:57:20.296Z"}
{"activity":{"message":"Student with email 20bq1a05p2@vvit.net has logged in"},"level":"info","message":"/student/login endpoint hit","request":{"category":"authentication","method":"POST","remoteIp":"::1","status":200,"url":"/student/login"},"timestamp":"2024-03-24T11:00:00.671Z"}
{"activity":{"message":"Student with email 20bq1a05p2@vvit.net has logged in"},"level":"info","message":"/student/login endpoint hit","request":{"category":"authentication","method":"POST","remoteIp":"::1","status":200,"url":"/student/login"},"timestamp":"2024-03-24T11:05:56.424Z"}
{"activity":{"message":"User with email user1@gmail.com has logged in"},"level":"info","message":"/user/login endpoint hit","request":{"category":"authentication","method":"POST","remoteIp":"::1","status":200,"url":"/user/login"},"timestamp":"2024-03-24T11:07:28.715Z"}
{"activity":{"message":"User with id 660007100a27f4f0432f5dee has accessed all certifications"},"level":"info","message":"/ endpoint hit","request":{"category":"certification","method":"GET","remoteIp":"::1","status":200,"url":"/"},"timestamp":"2024-03-24T11:13:40.643Z"}
{"activity":{"message":"Student with id 660007100a27f4f0432f5dee has added the internship from Accenture"},"level":"info","message":"/ endpoint hit","request":{"category":"internship","method":"POST","remoteIp":"::1","status":200,"url":"/"},"timestamp":"2024-03-24T11:15:36.467Z"}
{"activity":{"message":"User with id 65da085dbec9fbeacdbe2572 has accessed all certifications"},"level":"info","message":"/ endpoint hit","request":{"category":"certification","method":"GET","remoteIp":"::1","status":200,"url":"/"},"timestamp":"2024-03-24T11:20:14.868Z"}
{"activity":{"message":"User with id 660007100a27f4f0432f5dee has accessed all certifications"},"level":"info","message":"/ endpoint hit","request":{"category":"certification","method":"GET","remoteIp":"::1","status":200,"url":"/"},"timestamp":"2024-03-24T11:20:18.591Z"}
{"activity":{"message":"Student with id 660007100a27f4f0432f5dee has added the certification with name Google cloud Digital Leader"},"level":"info","message":"/ endpoint hit","request":{"category":"certification","method":"POST","remoteIp":"::1","status":200,"url":"/"},"timestamp":"2024-03-24T11:20:41.525Z"}
{"activity":{"message":"User with id 65da085dbec9fbeacdbe2572 has accessed all certifications"},"level":"info","message":"/ endpoint hit","request":{"category":"certification","method":"GET","remoteIp":"::1","status":200,"url":"/"},"timestamp":"2024-03-24T11:20:53.925Z"}
{"activity":{"message":"User with id 65da085dbec9fbeacdbe2572 has accessed all certifications"},"level":"info","message":"/ endpoint hit","request":{"category":"certification","method":"GET","remoteIp":"::1","status":200,"url":"/"},"timestamp":"2024-03-24T11:20:59.684Z"}
{"activity":{"message":"User with id 660007100a27f4f0432f5dee has accessed all the courses"},"level":"info","message":"/ endpoint hit","request":{"category":"course","method":"GET","remoteIp":"::1","status":200,"url":"/"},"timestamp":"2024-03-24T11:23:15.756Z"}
{"activity":{"message":"Student with id 660007100a27f4f0432f5dee has added the course 66000d30b7e87b390b8d6f13"},"level":"info","message":"/ endpoint hit","request":{"category":"course","method":"POST","remoteIp":"::1","status":200,"url":"/"},"timestamp":"2024-03-24T11:23:28.120Z"}
{"activity":{"message":"Student with id 660007100a27f4f0432f5dee has added the course 66000d3eb7e87b390b8d6f16"},"level":"info","message":"/ endpoint hit","request":{"category":"course","method":"POST","remoteIp":"::1","status":200,"url":"/"},"timestamp":"2024-03-24T11:23:42.176Z"}
{"activity":{"message":"User with id 65da085dbec9fbeacdbe2572 has accessed all the courses"},"level":"info","message":"/ endpoint hit","request":{"category":"course","method":"GET","remoteIp":"::1","status":200,"url":"/"},"timestamp":"2024-03-24T11:23:49.077Z"}
{"activity":{"message":"User with id 65da085dbec9fbeacdbe2572 has accessed all the courses"},"level":"info","message":"/ endpoint hit","request":{"category":"course","method":"GET","remoteIp":"::1","status":200,"url":"/"},"timestamp":"2024-03-24T11:24:06.588Z"}
{"activity":{"message":"User with id 65da085dbec9fbeacdbe2572 has accessed all certifications"},"level":"info","message":"/ endpoint hit","request":{"category":"certification","method":"GET","remoteIp":"::1","status":200,"url":"/"},"timestamp":"2024-03-24T11:24:16.661Z"}
{"activity":{"message":"User with id 660007100a27f4f0432f5dee has accessed all the courses"},"level":"info","message":"/ endpoint hit","request":{"category":"course","method":"GET","remoteIp":"::1","status":200,"url":"/"},"timestamp":"2024-03-24T11:29:13.340Z"}
{"activity":{"message":"Admin updated verification status of intenrship Accenture for Student with id 65da085dbec9fbeacdbe2572 "},"level":"info","message":"/verify/66000b58b7e87b390b8d6ec5 endpoint hit","request":{"category":"certification","method":"PATCH","remoteIp":"::1","status":200,"url":"/verify/66000b58b7e87b390b8d6ec5"},"timestamp":"2024-03-24T11:30:21.055Z"}
{"activity":{"message":"User with id 660007100a27f4f0432f5dee has accessed all the courses"},"level":"info","message":"/ endpoint hit","request":{"category":"course","method":"GET","remoteIp":"::1","status":200,"url":"/"},"timestamp":"2024-03-24T11:33:55.417Z"}
{"activity":{"message":"User with id 660007100a27f4f0432f5dee has accessed all certifications"},"level":"info","message":"/ endpoint hit","request":{"category":"certification","method":"GET","remoteIp":"::1","status":200,"url":"/"},"timestamp":"2024-03-24T11:33:57.045Z"}
{"activity":{"message":"User with id 660007100a27f4f0432f5dee has accessed all certifications"},"level":"info","message":"/ endpoint hit","request":{"category":"certification","method":"GET","remoteIp":"::1","status":200,"url":"/"},"timestamp":"2024-03-24T11:34:01.769Z"}
{"activity":{"message":"Student with id 660007100a27f4f0432f5dee has opted to the drive of  Tech Mahindra"},"level":"info","message":"/optIn/65f2999d39223c13c8a9ed63 endpoint hit","request":{"category":"jobdrive","method":"PATCH","remoteIp":"::1","status":200,"url":"/optIn/65f2999d39223c13c8a9ed63"},"timestamp":"2024-03-24T11:34:55.017Z"}
{"activity":{"message":"User with id 65da085dbec9fbeacdbe2572 has accessed all certifications"},"level":"info","message":"/ endpoint hit","request":{"category":"certification","method":"GET","remoteIp":"::1","status":200,"url":"/"},"timestamp":"2024-03-24T11:36:07.642Z"}
{"activity":{"message":"User with id 65da085dbec9fbeacdbe2572 has accessed all the courses"},"level":"info","message":"/ endpoint hit","request":{"category":"course","method":"GET","remoteIp":"::1","status":200,"url":"/"},"timestamp":"2024-03-24T11:36:26.179Z"}
{"activity":{"message":"User with id 65da085dbec9fbeacdbe2572 has accessed all certifications"},"level":"info","message":"/ endpoint hit","request":{"category":"certification","method":"GET","remoteIp":"::1","status":200,"url":"/"},"timestamp":"2024-03-24T11:37:41.564Z"}
{"activity":{"message":"Admin updated verification status of intenrship Accenture for Student with id 65da085dbec9fbeacdbe2572 "},"level":"info","message":"/verify/66000b58b7e87b390b8d6ec5 endpoint hit","request":{"category":"certification","method":"PATCH","remoteIp":"::1","status":200,"url":"/verify/66000b58b7e87b390b8d6ec5"},"timestamp":"2024-03-24T11:37:50.332Z"}
{"activity":{"message":"Admin updated verification status of intenrship Accenture for Student with id 65da085dbec9fbeacdbe2572 "},"level":"info","message":"/verify/66000b58b7e87b390b8d6ec5 endpoint hit","request":{"category":"certification","method":"PATCH","remoteIp":"::1","status":200,"url":"/verify/66000b58b7e87b390b8d6ec5"},"timestamp":"2024-03-24T11:38:04.557Z"}
{"activity":{"message":"User with id 660007100a27f4f0432f5dee has accessed all certifications"},"level":"info","message":"/ endpoint hit","request":{"category":"certification","method":"GET","remoteIp":"::1","status":200,"url":"/"},"timestamp":"2024-03-24T11:38:14.357Z"}
{"activity":{"message":"User with id 660007100a27f4f0432f5dee has accessed all certifications"},"level":"info","message":"/ endpoint hit","request":{"category":"certification","method":"GET","remoteIp":"::1","status":200,"url":"/"},"timestamp":"2024-03-24T11:38:28.145Z"}
{"activity":{"message":"User with id 660007100a27f4f0432f5dee has accessed all the courses"},"level":"info","message":"/ endpoint hit","request":{"category":"course","method":"GET","remoteIp":"::1","status":200,"url":"/"},"timestamp":"2024-03-24T11:38:29.839Z"}
{"activity":{"message":"User with id 660007100a27f4f0432f5dee has accessed all the courses"},"level":"info","message":"/ endpoint hit","request":{"category":"course","method":"GET","remoteIp":"::1","status":200,"url":"/"},"timestamp":"2024-03-24T11:42:14.769Z"}
{"activity":{"message":"User with id 65da085dbec9fbeacdbe2572 has accessed all certifications"},"level":"info","message":"/ endpoint hit","request":{"category":"certification","method":"GET","remoteIp":"::1","status":200,"url":"/"},"timestamp":"2024-03-24T11:43:08.360Z"}
{"activity":{"message":"User with id 65da085dbec9fbeacdbe2572 has deleted the announcement with title hello"},"level":"info","message":"/65f2aecff7c190f2ed1d9089 endpoint hit","request":{"category":"announcement","method":"DELETE","remoteIp":"::1","status":200,"url":"/65f2aecff7c190f2ed1d9089"},"timestamp":"2024-03-24T11:43:20.002Z"}
{"activity":{"message":"User with id 65da085dbec9fbeacdbe2572 has deleted the announcement with title exam"},"level":"info","message":"/65f29e2a29a3e0036bfff9cc endpoint hit","request":{"category":"announcement","method":"DELETE","remoteIp":"::1","status":200,"url":"/65f29e2a29a3e0036bfff9cc"},"timestamp":"2024-03-24T11:43:20.652Z"}
{"activity":{"message":"User with id 65da085dbec9fbeacdbe2572 has deleted the announcement with title Exam"},"level":"info","message":"/65f29ceb39223c13c8a9ed6e endpoint hit","request":{"category":"announcement","method":"DELETE","remoteIp":"::1","status":200,"url":"/65f29ceb39223c13c8a9ed6e"},"timestamp":"2024-03-24T11:43:21.293Z"}
{"activity":{"message":"User with id 65da085dbec9fbeacdbe2572 has deleted the announcement with title Annual Day Event"},"level":"info","message":"/65f04d4ede9a4611dddb0b8b endpoint hit","request":{"category":"announcement","method":"DELETE","remoteIp":"::1","status":200,"url":"/65f04d4ede9a4611dddb0b8b"},"timestamp":"2024-03-24T11:43:22.600Z"}
{"activity":{"message":"User with id 65da085dbec9fbeacdbe2572 has accessed all certifications"},"level":"info","message":"/ endpoint hit","request":{"category":"certification","method":"GET","remoteIp":"::1","status":200,"url":"/"},"timestamp":"2024-03-24T11:43:26.406Z"}
{"activity":{"message":"User with id 65da085dbec9fbeacdbe2572 has accessed all the courses"},"level":"info","message":"/ endpoint hit","request":{"category":"course","method":"GET","remoteIp":"::1","status":200,"url":"/"},"timestamp":"2024-03-24T11:43:27.378Z"}
{"activity":{"message":"User with id 660007100a27f4f0432f5dee has accessed all certifications"},"level":"info","message":"/ endpoint hit","request":{"category":"certification","method":"GET","remoteIp":"::1","status":200,"url":"/"},"timestamp":"2024-03-24T11:43:34.176Z"}
{"activity":{"message":"User with id 660007100a27f4f0432f5dee has accessed all the courses"},"level":"info","message":"/ endpoint hit","request":{"category":"course","method":"GET","remoteIp":"::1","status":200,"url":"/"},"timestamp":"2024-03-24T11:43:36.312Z"}
{"activity":{"message":"Student with id 660007100a27f4f0432f5dee has updated the internship from Accenture"},"level":"info","message":"/66000b58b7e87b390b8d6ec5 endpoint hit","request":{"category":"internship","method":"PATCH","remoteIp":"::1","status":200,"url":"/66000b58b7e87b390b8d6ec5"},"timestamp":"2024-03-24T11:56:27.825Z"}
{"activity":{"message":"Student with id 660007100a27f4f0432f5dee has updated the internship from Accenture"},"level":"info","message":"/66000b58b7e87b390b8d6ec5 endpoint hit","request":{"category":"internship","method":"PATCH","remoteIp":"::1","status":200,"url":"/66000b58b7e87b390b8d6ec5"},"timestamp":"2024-03-24T11:57:01.993Z"}
{"activity":{"message":"Student with id 660007100a27f4f0432f5dee has updated the internship from Accenture"},"level":"info","message":"/66000b58b7e87b390b8d6ec5 endpoint hit","request":{"category":"internship","method":"PATCH","remoteIp":"::1","status":200,"url":"/66000b58b7e87b390b8d6ec5"},"timestamp":"2024-03-24T11:57:22.697Z"}
{"activity":{"message":"Student with id 660007100a27f4f0432f5dee has updated the internship from Accenture"},"level":"info","message":"/66000b58b7e87b390b8d6ec5 endpoint hit","request":{"category":"internship","method":"PATCH","remoteIp":"::1","status":200,"url":"/66000b58b7e87b390b8d6ec5"},"timestamp":"2024-03-24T11:58:29.248Z"}
{"activity":{"message":"User with email user1@gmail.com has logged in"},"level":"info","message":"/user/login endpoint hit","request":{"category":"authentication","method":"POST","remoteIp":"::1","status":200,"url":"/user/login"},"timestamp":"2024-03-29T12:57:37.174Z"}
{"activity":{"message":"User with id 65da085dbec9fbeacdbe2572 has accessed all certifications"},"level":"info","message":"/ endpoint hit","request":{"category":"certification","method":"GET","remoteIp":"::1","status":200,"url":"/"},"timestamp":"2024-03-29T13:22:07.186Z"}
{"activity":{"message":"User with id 65da085dbec9fbeacdbe2572 has accessed all the courses"},"level":"info","message":"/ endpoint hit","request":{"category":"course","method":"GET","remoteIp":"::1","status":200,"url":"/"},"timestamp":"2024-03-29T13:22:09.517Z"}
{"activity":{"message":"Student with email 20bq1a05p2@vvit.net has logged in"},"level":"info","message":"/student/login endpoint hit","request":{"category":"authentication","method":"POST","remoteIp":"::1","status":200,"url":"/student/login"},"timestamp":"2024-03-29T13:22:45.225Z"}
{"activity":{"message":"User with id 6602d406f3dbd17d0e1aaf05 has accessed all certifications"},"level":"info","message":"/ endpoint hit","request":{"category":"certification","method":"GET","remoteIp":"::1","status":200,"url":"/"},"timestamp":"2024-03-29T13:22:54.421Z"}
{"activity":{"message":"User with id 6602d406f3dbd17d0e1aaf05 has accessed all the courses"},"level":"info","message":"/ endpoint hit","request":{"category":"course","method":"GET","remoteIp":"::1","status":200,"url":"/"},"timestamp":"2024-03-29T13:22:56.777Z"}
{"activity":{"message":"User with email gnana@gmail.com has logged in"},"level":"info","message":"/user/login endpoint hit","request":{"category":"authentication","method":"POST","remoteIp":"::1","status":200,"url":"/user/login"},"timestamp":"2024-03-29T13:23:21.916Z"}
{"activity":{"message":"User with id 65ffc1266b35d4ed7a5b1845 has accessed all certifications"},"level":"info","message":"/ endpoint hit","request":{"category":"certification","method":"GET","remoteIp":"::1","status":200,"url":"/"},"timestamp":"2024-03-29T13:23:26.611Z"}
{"activity":{"message":"User with id 65ffc1266b35d4ed7a5b1845 has accessed all the courses"},"level":"info","message":"/ endpoint hit","request":{"category":"course","method":"GET","remoteIp":"::1","status":200,"url":"/"},"timestamp":"2024-03-29T13:23:28.948Z"}
{"activity":{"message":"User with email user1@gmail.com has logged in"},"level":"info","message":"/user/login endpoint hit","request":{"category":"authentication","method":"POST","remoteIp":"::1","status":200,"url":"/user/login"},"timestamp":"2024-03-29T13:26:18.000Z"}
{"activity":{"message":"User with email user1@gmail.com has logged in"},"level":"info","message":"/user/login endpoint hit","request":{"category":"authentication","method":"POST","remoteIp":"::1","status":200,"url":"/user/login"},"timestamp":"2024-03-29T13:28:55.966Z"}
